[0] Please input increased Length(Enter 0 to exit): 内存消耗: 30.8 MB
miss point num: 23748
GHT point num: 56246
Delete num: 0
lcs length : 35
time(sec) : 0.050284
total time(sec) : 0.050284

[1] Please input increased Length(Enter 0 to exit): 内存消耗: 404.0 MB
miss point num: 279501
GHT point num: 1445545
Delete num: 0
lcs length : 70
time(sec) : 2.37353
total time(sec) : 2.42381

[2] Please input increased Length(Enter 0 to exit): 内存消耗: 2529.6 MB
miss point num: 1596189
GHT point num: 9573459
Delete num: 0
lcs length : 106
time(sec) : 22.1559
total time(sec) : 24.5797

[3] Please input increased Length(Enter 0 to exit): 内存消耗: 9103.3 MB
miss point num: 4023708
GHT point num: 35830349
Delete num: 0
lcs length : 145
time(sec) : 101.297
total time(sec) : 125.877

[4] Please input increased Length(Enter 0 to exit): 
total time(sec) : 125.877
