[0] Please input increased Length(Enter 0 to exit): 内存消耗: 402.7 MB
miss point num: 279501
GHT point num: 1445545
Delete num: 0
lcs length : 70
time(sec) : 2.25889
total time(sec) : 2.25889

[1] Please input increased Length(Enter 0 to exit): 内存消耗: 9007.2 MB
miss point num: 4023708
GHT point num: 35830349
Delete num: 0
lcs length : 145
time(sec) : 130.322
total time(sec) : 132.581

[2] Please input increased Length(Enter 0 to exit): 内存消耗: 50292.6 MB
miss point num: 15268586
GHT point num: 205280692
Delete num: 0
lcs length : 218
time(sec) : 1119.73
total time(sec) : 1252.31

[3] Please input increased Length(Enter 0 to exit): 内存消耗: 120585.3 MB
miss point num: 43519380
GHT point num: 690018523
Delete num: 0
lcs length : 292
time(sec) : 4594.72
total time(sec) : 5847.03

[4] Please input increased Length(Enter 0 to exit): 
total time(sec) : 5847.03
